<?xml version="1.0" encoding="UTF-8"?>
<testng-results skipped="0" failed="0" ignored="0" total="1" passed="1">
  <reporter-output>
  </reporter-output>
  <suite name="Default suite" duration-ms="2411" started-at="2018-03-31T15:39:10Z" finished-at="2018-03-31T15:39:12Z">
    <groups>
    </groups>
    <test name="Default test" duration-ms="2411" started-at="2018-03-31T15:39:10Z" finished-at="2018-03-31T15:39:12Z">
      <class name="com.resrassured.demo.DemoTests">
        <test-method status="PASS" signature="testingPOSTDEMOQAMethod()[pri:0, instance:com.resrassured.demo.DemoTests@3869f4]" name="testingPOSTDEMOQAMethod" duration-ms="2371" started-at="2018-03-31T15:39:10Z" finished-at="2018-03-31T15:39:12Z">
          <reporter-output>
          </reporter-output>
        </test-method> <!-- testingPOSTDEMOQAMethod -->
      </class> <!-- com.resrassured.demo.DemoTests -->
    </test> <!-- Default test -->
  </suite> <!-- Default suite -->
</testng-results>
